<?xml version="1.0" encoding="UTF-8"?>
<testsuite name="OperatorsTest" tests="1" skipped="0" failures="0" errors="0" timestamp="2018-03-29T16:51:41" hostname="AcerE15" time="0.006">
  <properties/>
  <testcase name="test" classname="OperatorsTest" time="0.006"/>
  <system-out><![CDATA[]]></system-out>
  <system-err><![CDATA[]]></system-err>
</testsuite>
